2026-02-20T11:07:16 | INFO | vindlu : Logging to: /home/narus/2026/EgoHand/InternVideo/InternVideo2/multi_modality/scripts/pretraining/stage2/1B_motion/stage2_motion_20260220_110704/train.log
2026-02-20T11:07:16 | INFO | utils.config_utils : config: {
  available_corpus: {
      cc3m: {
          anno_path: your_path
          data_root: 
          media_type: image }
      cc12m: {
          anno_path: your_path
          data_root: 
          media_type: image }
      sbu: {
          anno_path: your_path
          data_root: 
          media_type: image }
      vg: {
          anno_path: your_path
          data_root: 
          media_type: image
          jump_filter: True }
      coco: {
          anno_path: your_path
          data_root: 
          media_type: image
          jump_filter: True }
      laion_2b: {
          anno_path: your_path
          data_root: 
          media_type: image
          jump_filter: True }
      laion_coco: {
          anno_path: your_path
          data_root: 
          media_type: image
          jump_filter: True }
      laion_pop: {
          anno_path: your_path
          data_root: 
          media_type: image
          jump_filter: True }
      webvid_fuse_10m: {
          anno_path: your_path
          data_root: 
          media_type: video
          jump_filter: True }
      internvid_v1: {
          anno_path: your_path
          data_root: 
          media_type: video
          jump_filter: True }
      internvid_v2_avs_private: {
          anno_path: your_path
          data_root: 
          media_type: audio_video
          read_clip_from_video: False
          read_audio_from_video: True
          zero_audio_padding_for_video: True
          caption_augmentation: {
              caption_sample_type: avs_all }
          jump_filter: True }
      webvid: {
          anno_path: your_path
          data_root: 
          media_type: video }
      webvid_10m: {
          anno_path: your_path
          data_root: 
          media_type: video }
      wavcaps_400k: {
          anno_path: your_path
          data_root: 
          media_type: audio }
      cc3m_debug: {
          anno_path: your_path
          data_root: 
          media_type: image }
      webvid_debug: {
          anno_path: your_path
          data_root: 
          media_type: video }
      pretrain_example_data_1B: [{'anno_path': 'your_path', 'data_root': '', 'media_type': 'image'}, {'anno_path': 'your_path', 'data_root': '', 'media_type': 'video'}]
      pretrain_example_data_6B: [{'anno_path': 'your_path', 'data_root': '', 'media_type': 'image'}, {'anno_path': 'your_path', 'data_root': '', 'media_type': 'video'}, {'anno_path': 'your_path', 'data_root': '', 'media_type': 'audio_video', 'read_clip_from_video': False, 'read_audio_from_video': True, 'zero_audio_padding_for_video': True, 'caption_augmentation': {'caption_sample_type': 'avs_all'}, 'jump_filter': True}]
      data_25m: [{'anno_path': 'your_path', 'data_root': '', 'media_type': 'video'}, {'anno_path': 'your_path', 'data_root': '', 'media_type': 'image'}, {'anno_path': 'your_path', 'data_root': '', 'media_type': 'image', 'jump_filter': True}, {'anno_path': 'your_path', 'data_root': '', 'media_type': 'image', 'jump_filter': True}, {'anno_path': 'your_path', 'data_root': '', 'media_type': 'image'}, {'anno_path': 'your_path', 'data_root': '', 'media_type': 'image'}]
      debug: [{'anno_path': 'your_path', 'data_root': '', 'media_type': 'image'}, {'anno_path': 'your_path', 'data_root': '', 'media_type': 'video'}]
      msrvtt_1k_test: {
          anno_path: your_path
          data_root: 
          media_type: video }
      didemo_ret_test: {
          anno_path: your_path
          data_root: 
          media_type: video
          is_paragraph_retrieval: True
          trimmed30: True
          max_txt_l: 64 }
      anet_ret_val: {
          anno_path: your_path
          data_root: 
          media_type: video
          is_paragraph_retrieval: True
          max_txt_l: 150 }
      lsmdc_ret_test_1000: {
          anno_path: your_path
          data_root: 
          media_type: video }
      vatex_ch_ret_val: {
          anno_path: your_path
          data_root: 
          media_type: video }
      vatex_en_ret_val: {
          anno_path: your_path
          data_root: 
          media_type: video }
      k400_act_val: {
          anno_path: your_path
          data_root: 
          is_act_rec: True }
      k600_act_val: {
          anno_path: your_path
          data_root: 
          media_type: video
          is_act_rec: True }
      k700_act_val: {
          anno_path: your_path
          data_root: 
          media_type: video
          is_act_rec: True }
      mit_act_val: {
          anno_path: your_path
          data_root: 
          media_type: video
          is_act_rec: True }
      ucf101_act_val: {
          anno_path: your_path
          data_root: 
          media_type: video
          is_act_rec: True }
      hmdb51_act_val: {
          anno_path: your_path
          data_root: 
          media_type: video
          is_act_rec: True }
      ssv2_mc_val: {
          anno_path: your_path
          data_root: 
          media_type: video }
      charades_mc_test: {
          anno_path: your_path
          data_root: 
          media_type: video }
      anet_ret_train: {
          anno_path: your_path
          data_root: 
          media_type: video
          is_paragraph_retrieval: True
          max_txt_l: 150 }
      didemo_ret_train: {
          anno_path: your_path
          data_root: 
          media_type: video
          is_paragraph_retrieval: True
          trimmed30: True
          max_txt_l: 64 }
      didemo_ret_val: {
          anno_path: your_path
          data_root: 
          media_type: video
          is_paragraph_retrieval: True
          trimmed30: True
          max_txt_l: 64 }
      lsmdc_ret_train: {
          anno_path: your_path
          data_root: 
          media_type: video
          max_txt_l: 96 }
      lsmdc_ret_val: {
          anno_path: your_path
          data_root: 
          media_type: video
          max_txt_l: 96 }
      msrvtt_ret_train9k: {
          anno_path: your_path
          data_root: 
          media_type: video }
      msrvtt_ret_test1k: {
          anno_path: your_path
          data_root: 
          media_type: video }
      msvd_ret_train: {
          anno_path: your_path
          data_root: 
          media_type: video
          max_txt_l: 64
          has_multi_txt_gt: True }
      msvd_ret_val: {
          anno_path: your_path
          data_root: 
          media_type: video
          max_txt_l: 64 }
      msvd_ret_test: {
          anno_path: your_path
          data_root: 
          media_type: video
          max_txt_l: 64 }
      vatex_en_ret_train: {
          anno_path: your_path
          data_root: 
          media_type: video
          has_multi_txt_gt: True }
      audiocaps_ret_train: {
          anno_path: your_path
          data_root: 
          media_type: audio }
      audiocaps_ret_test: {
          anno_path: your_path
          data_root: 
          media_type: audio }
      clothov1_ret_train: {
          anno_path: your_path
          data_root: 
          media_type: audio }
      clothov1_ret_test: {
          anno_path: your_path
          data_root: 
          media_type: audio }
      clothov2_ret_train: {
          anno_path: your_path
          data_root: 
          media_type: audio }
      clothov2_ret_test: {
          anno_path: your_path
          data_root: 
          media_type: audio }
      video_motion_train: {
          anno_path: /home/narus/2026/EgoHand/InternVideo/InternVideo2/multi_modality/scripts/pretraining/stage2/1B_motion/annotation_atomic_train.json
          data_root: /home/narus/2026/EgoHand/data/train/takes_clipped/egoexo
          motion_data_root: /home/narus/2026/EgoHand/data/train/takes_clipped/egoexo
          media_type: video_motion
          normalize_motion: False }
      video_motion_val: {
          anno_path: /home/narus/2026/EgoHand/InternVideo/InternVideo2/multi_modality/scripts/pretraining/stage2/1B_motion/annotation_atomic_val.json
          data_root: /home/narus/2026/EgoHand/data/val/takes_clipped/egoexo
          motion_data_root: /home/narus/2026/EgoHand/data/val/takes_clipped/egoexo
          media_type: video_motion
          normalize_motion: False } }
  VisionEncoders: {

  TextEncoders: {
      bert: {
          name: bert_base
          pretrained: bert-base-uncased
          config: configs/config_bert.json
          d_model: 768
          fusion_layer: 9 }
      bert_large: {
          name: bert_large
          pretrained: bert-large-uncased
          config: configs/config_bert_large.json
          d_model: 1024
          fusion_layer: 19 }
      med_bert: {
          name: med_bert_base
          pretrained: bert-base-uncased
          config: configs/med_config.json
          d_model: 768 }
      med_bert_large: {
          name: med_bert_large
          pretrained: bert-base-uncased
          config: configs/med_large_config.json
          d_model: 768 } }
  train_file: [{'anno_path': '/home/narus/2026/EgoHand/InternVideo/InternVideo2/multi_modality/scripts/pretraining/stage2/1B_motion/annotation_atomic_train.json', 'data_root': '/home/narus/2026/EgoHand/data/train/takes_clipped/egoexo', 'motion_data_root': '/home/narus/2026/EgoHand/data/train/takes_clipped/egoexo', 'media_type': 'video_motion', 'normalize_motion': False}]
  test_file: {
      video_motion_val: {
          anno_path: /home/narus/2026/EgoHand/InternVideo/InternVideo2/multi_modality/scripts/pretraining/stage2/1B_motion/annotation_atomic_val.json
          data_root: /home/narus/2026/EgoHand/data/val/takes_clipped/egoexo
          motion_data_root: /home/narus/2026/EgoHand/data/val/takes_clipped/egoexo
          media_type: video_motion
          normalize_motion: False } }
  test_types: ['video_motion_val']
  num_workers: 6
  best_key: ['msrvtt_1k_test_match', 't2v_r1']
  num_frames: 4
  num_frames_test: 4
  batch_size: 4
  batch_size_test: 4
  max_txt_l: 32
  motion_T: 21
  inputs: {
      image_res: 224
      video_input: {
          num_frames: 4
          sample_type: rand
          num_frames_test: 4
          sample_type_test: middle
          random_aug: False }
      max_txt_l: {
          image: 32
          video: 32
          video_motion: 32 }
      batch_size: {
          image: 4
          video: 4
          video_motion: 4 }
      batch_size_test: {
          image: 4
          video: 4
          video_motion: 4 }
      motion_T: 21 }
  text_enc: bert_large
  model: {
      model_cls: InternVideo2_Stage2_Motion
      vision_encoder: {
          name: pretrain_internvideo2_1b_patch14_224
          img_size: 224
          num_frames: 4
          tubelet_size: 1
          patch_size: 14
          d_model: 1408
          clip_embed_dim: 768
          clip_teacher_embed_dim: 3200
          clip_teacher_final_dim: 768
          clip_norm_type: l2
          clip_return_layer: 6
          clip_student_return_interval: 1
          pretrained: /home/narus/2026/EgoHand/InternVideo/InternVideo2/multi_modality/scripts/pretraining/stage1/1B_ft_k710_f8.pth
          use_checkpoint: True
          checkpoint_num: 40
          use_flash_attn: False
          use_fused_rmsnorm: False
          use_fused_mlp: False
          clip_teacher: None
          clip_input_resolution: 224
          clip_teacher_return_interval: 1
          video_mask_type: random
          video_mask_ratio: 0.8
          image_mask_type: random
          image_mask_ratio: 0.5
          sep_image_video_pos_embed: True
          keep_temporal: False
          only_mask: True }
      text_encoder: {
          name: bert_large
          pretrained: bert-large-uncased
          config: configs/config_bert_large.json
          d_model: 1024
          fusion_layer: 19 }
      motion_encoder: {
          d_model: 768
          ckpt_path: /home/narus/2026/EgoHand/InternVideo/InternVideo2/multi_modality/../../../BodyTokenize/ckpt_vq/ckpt_best.pt
          vqvae_config: /home/narus/2026/EgoHand/BodyTokenize/ckpt_vq/config.yaml
          freeze: True }
      multimodal: {
          enable: True }
      contra_dim: 768
      vm_concat_dim: 768
      temp: 0.07
      freeze_motion: True
      find_unused_parameters: True }
  criterion: {
      loss_weight: {
          vtc: 1.0
          vtm: 1.0
          mlm: 1.0
          uta: 0.0
          mtc: 1.0
          mtm: 1.0
          mmlm: 0.0
          vmc: 0.0
          vmtc: 1.0
          vmtm: 1.0
          vmmlm: 1.0 }
      vtm_hard_neg: True
      mlm_masking_prob: 0.5
      distill_final_features: True
      clip_loss_ratio: [1.0, 1.0]
      uta_image_only: False }
  optimizer: {
      opt: adamW
      lr: 5e-05
      opt_betas: [0.9, 0.98]
      weight_decay: 0.05
      max_grad_norm: 3.0
      different_lr: {
          enable: False
          module_names: []
          lr: 0.001 } }
  scheduler: {
      sched: cosine
      epochs: 10
      min_lr_multi: 0.01
      warmup_epochs: 1 }
  evaluate: False
  deep_fusion: False
  evaluation: {
      eval_frame_ensemble: concat
      eval_x_only: False
      k_test: 128
      eval_offload: True }
  use_half_precision: True
  use_bf16: True
  gradient_checkpointing: True
  use_flash_sdp: False
  use_mem_efficient_sdp: False
  compile_model: False
  wandb: {
      enable: True
      entity: narudesuyo-waseda-university
      project: InternVideo2-Stage2-Motion }
  dist_url: env://
  device: cuda
  mode: pt
  output_dir: /home/narus/2026/EgoHand/InternVideo/InternVideo2/multi_modality/scripts/pretraining/stage2/1B_motion/stage2_motion_20260220_110704
  resume: False
  debug: False
  log_freq: 5
  seed: 42
  save_latest: True
  auto_resume: False
  jump_evaluate: False
  pretrained_path: 
  save_ckpt_iter: None
  delete_ds_optim_states: True
  no_save_params_prefix: ['motion_encoder.encB', 'motion_encoder.encH']
  deepspeed: {
      enable: True
      stage: 1 }
  rank: 0
  world_size: 1
  gpu: 0
  distributed: True
  dist_backend: nccl
  deepspeed_config: /home/narus/2026/EgoHand/InternVideo/InternVideo2/multi_modality/scripts/pretraining/stage2/1B_motion/stage2_motion_20260220_110704/deepspeed_config.json }
2026-02-20T11:07:16 | INFO | __main__ : Ceph is not working!!!
2026-02-20T11:07:23 | INFO | __main__ : Wandb is working!!!
2026-02-20T11:07:23 | INFO | __main__ : train_file: [{'anno_path': '/home/narus/2026/EgoHand/InternVideo/InternVideo2/multi_modality/scripts/pretraining/stage2/1B_motion/annotation_atomic_train.json', 'data_root': '/home/narus/2026/EgoHand/data/train/takes_clipped/egoexo', 'motion_data_root': '/home/narus/2026/EgoHand/data/train/takes_clipped/egoexo', 'media_type': 'video_motion', 'normalize_motion': False}]
2026-02-20T11:07:23 | INFO | __main__ : Creating dataset for pt use_iter_train=False
2026-02-20T11:07:23 | WARNING | dataset : Make sure that you don't need audio input!!!
2026-02-20T11:07:23 | INFO | dataset : dataset_type: pt_train media_type: video_motion dataset_cls: <class 'dataset.motion_dataset.VidMotionTxtPtTrainDataset'>
2026-02-20T11:07:23 | INFO | dataset : dataset_type=pt_train, train_file={'anno_path': '/home/narus/2026/EgoHand/InternVideo/InternVideo2/multi_modality/scripts/pretraining/stage2/1B_motion/annotation_atomic_train.json', 'data_root': '/home/narus/2026/EgoHand/data/train/takes_clipped/egoexo', 'motion_data_root': '/home/narus/2026/EgoHand/data/train/takes_clipped/egoexo', 'media_type': 'video_motion', 'normalize_motion': False}
2026-02-20T11:07:23 | INFO | dataset : {'ann_file': {'anno_path': '/home/narus/2026/EgoHand/InternVideo/InternVideo2/multi_modality/scripts/pretraining/stage2/1B_motion/annotation_atomic_train.json', 'data_root': '/home/narus/2026/EgoHand/data/train/takes_clipped/egoexo', 'motion_data_root': '/home/narus/2026/EgoHand/data/train/takes_clipped/egoexo', 'media_type': 'video_motion', 'normalize_motion': False}, 'transform': Compose(
    Lambda()
    RandomResizedCrop(size=(224, 224), scale=(0.5, 1.0), ratio=(0.75, 1.3333), interpolation=bicubic, antialias=True)
    RandomHorizontalFlip(p=0.5)
    Lambda()
    Normalize(mean=(0.485, 0.456, 0.406), std=(0.229, 0.224, 0.225))
), 'num_epochs': 10, 'video_reader_type': 'decord', 'sample_type': 'rand', 'num_frames': 4, 'num_tries': 10, 'motion_T': 21}
2026-02-20T11:07:23 | INFO | dataset : train_transform:
2026-02-20T11:07:23 | INFO | dataset : Compose(
    Lambda()
    RandomResizedCrop(size=(224, 224), scale=(0.5, 1.0), ratio=(0.75, 1.3333), interpolation=bicubic, antialias=True)
    RandomHorizontalFlip(p=0.5)
    Lambda()
    Normalize(mean=(0.485, 0.456, 0.406), std=(0.229, 0.224, 0.225))
)
2026-02-20T11:07:23 | INFO | dataset.motion_dataset : ann_file: {'anno_path': '/home/narus/2026/EgoHand/InternVideo/InternVideo2/multi_modality/scripts/pretraining/stage2/1B_motion/annotation_atomic_train.json', 'data_root': '/home/narus/2026/EgoHand/data/train/takes_clipped/egoexo', 'motion_data_root': '/home/narus/2026/EgoHand/data/train/takes_clipped/egoexo', 'media_type': 'video_motion', 'normalize_motion': False}
2026-02-20T11:07:23 | INFO | dataset.motion_dataset : Loading json file /home/narus/2026/EgoHand/InternVideo/InternVideo2/multi_modality/scripts/pretraining/stage2/1B_motion/annotation_atomic_train.json
2026-02-20T11:07:23 | INFO | dataset.motion_dataset : Num samples: 18856
2026-02-20T11:07:23 | INFO | dataset.motion_dataset : Num samples too short: 0
2026-02-20T11:07:23 | INFO | dataset.motion_dataset : num_examples: 18856
2026-02-20T11:07:23 | INFO | dataset : Use ConcatDataset for video_motion
2026-02-20T11:07:23 | WARNING | dataset : Make sure that you don't need audio input!!!
2026-02-20T11:07:23 | INFO | dataset : dataset_type: ret_eval media_type: video_motion dataset_cls: <class 'dataset.motion_dataset.VidMotionTxtRetEvalDataset'>
2026-02-20T11:07:23 | INFO | dataset : dataset_type=pt_eval, test_file={'anno_path': '/home/narus/2026/EgoHand/InternVideo/InternVideo2/multi_modality/scripts/pretraining/stage2/1B_motion/annotation_atomic_val.json', 'data_root': '/home/narus/2026/EgoHand/data/val/takes_clipped/egoexo', 'motion_data_root': '/home/narus/2026/EgoHand/data/val/takes_clipped/egoexo', 'media_type': 'video_motion', 'normalize_motion': False}
2026-02-20T11:07:23 | INFO | dataset : {'ann_file': {'anno_path': '/home/narus/2026/EgoHand/InternVideo/InternVideo2/multi_modality/scripts/pretraining/stage2/1B_motion/annotation_atomic_val.json', 'data_root': '/home/narus/2026/EgoHand/data/val/takes_clipped/egoexo', 'motion_data_root': '/home/narus/2026/EgoHand/data/val/takes_clipped/egoexo', 'media_type': 'video_motion', 'normalize_motion': False}, 'transform': Compose(
    Resize(size=(224, 224), interpolation=bicubic, max_size=None, antialias=True)
    Lambda()
    Normalize(mean=(0.485, 0.456, 0.406), std=(0.229, 0.224, 0.225))
), 'video_reader_type': 'decord', 'sample_type': 'middle', 'num_frames': 4, 'num_tries': 1}
2026-02-20T11:07:23 | INFO | dataset : test_transform:
2026-02-20T11:07:23 | INFO | dataset : Compose(
    Resize(size=(224, 224), interpolation=bicubic, max_size=None, antialias=True)
    Lambda()
    Normalize(mean=(0.485, 0.456, 0.406), std=(0.229, 0.224, 0.225))
)
2026-02-20T11:07:23 | INFO | __main__ : find_unused_parameters=True
2026-02-20T11:07:23 | INFO | tasks.shared_utils : Creating model
2026-02-20T11:07:23 | INFO | tasks.shared_utils : Using BertTokenizer: bert-large-uncased!
2026-02-20T11:07:23 | INFO | models.internvideo2_stage2_motion : Build vision_encoder: pretrain_internvideo2_1b_patch14_224
2026-02-20T11:07:23 | INFO | models.backbones.internvideo2.internvideo2 : Normalization Type: l2
2026-02-20T11:07:23 | INFO | models.backbones.internvideo2.internvideo2 : Strudent Return Index: [39, 38, 37, 36, 35, 34]
2026-02-20T11:07:23 | INFO | models.backbones.internvideo2.internvideo2 : Use joint position embedding, for image and video we use different pos_embed.
2026-02-20T11:07:23 | INFO | models.backbones.internvideo2.internvideo2 : Droppath rate: [0.0, 0.006410256493836641, 0.012820512987673283, 0.01923076994717121, 0.025641025975346565, 0.03205128386616707, 0.03846153989434242, 0.044871795922517776, 0.05128205195069313, 0.057692307978868484, 0.06410256773233414, 0.07051282376050949, 0.07692307978868484, 0.0833333358168602, 0.08974359184503555, 0.09615384787321091, 0.10256410390138626, 0.10897435992956161, 0.11538461595773697, 0.12179487198591232, 0.12820512056350708, 0.13461537659168243, 0.1410256326198578, 0.14743590354919434, 0.1538461595773697, 0.16025641560554504, 0.1666666716337204, 0.17307692766189575, 0.1794871836900711, 0.18589743971824646, 0.19230769574642181, 0.19871795177459717, 0.20512820780277252, 0.21153846383094788, 0.21794871985912323, 0.22435897588729858, 0.23076923191547394, 0.2371794879436493, 0.24358974397182465, 0.25]
2026-02-20T11:07:23 | INFO | models.backbones.internvideo2.internvideo2 : Checkpoint list: [True, True, True, True, True, True, True, True, True, True, True, True, True, True, True, True, True, True, True, True, True, True, True, True, True, True, True, True, True, True, True, True, True, True, True, True, True, True, True, True]
2026-02-20T11:07:30 | INFO | models.backbones.internvideo2.internvideo2 : Normalization Type: l2
2026-02-20T11:07:30 | INFO | models.backbones.internvideo2.internvideo2 : Normalization Type: l2
2026-02-20T11:07:30 | INFO | models.backbones.internvideo2.internvideo2 : Normalization Type: l2
2026-02-20T11:07:30 | INFO | models.backbones.internvideo2.internvideo2 : Normalization Type: l2
2026-02-20T11:07:30 | INFO | models.backbones.internvideo2.internvideo2 : Normalization Type: l2
2026-02-20T11:07:30 | INFO | models.backbones.internvideo2.internvideo2 : Normalization Type: l2
2026-02-20T11:07:30 | INFO | models.backbones.internvideo2.internvideo2 : Normalization Type: l2
2026-02-20T11:07:30 | INFO | models.backbones.internvideo2.internvideo2 : Init pos_embed from sincos pos_embed
2026-02-20T11:07:39 | INFO | models.backbones.internvideo2.internvideo2 : Loading pretrained weights from /home/narus/2026/EgoHand/InternVideo/InternVideo2/multi_modality/scripts/pretraining/stage1/1B_ft_k710_f8.pth
2026-02-20T11:07:40 | INFO | models.backbones.internvideo2.internvideo2 : _IncompatibleKeys(missing_keys=['cls_token', 'pos_embed', 'img_pos_embed', 'clip_pos_embed', 'clip_img_pos_embed', 'patch_embed.proj.weight', 'patch_embed.proj.bias', 'blocks.0.norm1.weight', 'blocks.0.attn.qkv.weight', 'blocks.0.attn.proj.weight', 'blocks.0.attn.proj.bias', 'blocks.0.attn.q_norm.weight', 'blocks.0.attn.k_norm.weight', 'blocks.0.ls1.gamma', 'blocks.0.norm2.weight', 'blocks.0.mlp.fc1.weight', 'blocks.0.mlp.fc1.bias', 'blocks.0.mlp.fc2.weight', 'blocks.0.mlp.fc2.bias', 'blocks.0.ls2.gamma', 'blocks.1.norm1.weight', 'blocks.1.attn.qkv.weight', 'blocks.1.attn.proj.weight', 'blocks.1.attn.proj.bias', 'blocks.1.attn.q_norm.weight', 'blocks.1.attn.k_norm.weight', 'blocks.1.ls1.gamma', 'blocks.1.norm2.weight', 'blocks.1.mlp.fc1.weight', 'blocks.1.mlp.fc1.bias', 'blocks.1.mlp.fc2.weight', 'blocks.1.mlp.fc2.bias', 'blocks.1.ls2.gamma', 'blocks.2.norm1.weight', 'blocks.2.attn.qkv.weight', 'blocks.2.attn.proj.weight', 'blocks.2.attn.proj.bias', 'blocks.2.attn.q_norm.weight', 'blocks.2.attn.k_norm.weight', 'blocks.2.ls1.gamma', 'blocks.2.norm2.weight', 'blocks.2.mlp.fc1.weight', 'blocks.2.mlp.fc1.bias', 'blocks.2.mlp.fc2.weight', 'blocks.2.mlp.fc2.bias', 'blocks.2.ls2.gamma', 'blocks.3.norm1.weight', 'blocks.3.attn.qkv.weight', 'blocks.3.attn.proj.weight', 'blocks.3.attn.proj.bias', 'blocks.3.attn.q_norm.weight', 'blocks.3.attn.k_norm.weight', 'blocks.3.ls1.gamma', 'blocks.3.norm2.weight', 'blocks.3.mlp.fc1.weight', 'blocks.3.mlp.fc1.bias', 'blocks.3.mlp.fc2.weight', 'blocks.3.mlp.fc2.bias', 'blocks.3.ls2.gamma', 'blocks.4.norm1.weight', 'blocks.4.attn.qkv.weight', 'blocks.4.attn.proj.weight', 'blocks.4.attn.proj.bias', 'blocks.4.attn.q_norm.weight', 'blocks.4.attn.k_norm.weight', 'blocks.4.ls1.gamma', 'blocks.4.norm2.weight', 'blocks.4.mlp.fc1.weight', 'blocks.4.mlp.fc1.bias', 'blocks.4.mlp.fc2.weight', 'blocks.4.mlp.fc2.bias', 'blocks.4.ls2.gamma', 'blocks.5.norm1.weight', 'blocks.5.attn.qkv.weight', 'blocks.5.attn.proj.weight', 'blocks.5.attn.proj.bias', 'blocks.5.attn.q_norm.weight', 'blocks.5.attn.k_norm.weight', 'blocks.5.ls1.gamma', 'blocks.5.norm2.weight', 'blocks.5.mlp.fc1.weight', 'blocks.5.mlp.fc1.bias', 'blocks.5.mlp.fc2.weight', 'blocks.5.mlp.fc2.bias', 'blocks.5.ls2.gamma', 'blocks.6.norm1.weight', 'blocks.6.attn.qkv.weight', 'blocks.6.attn.proj.weight', 'blocks.6.attn.proj.bias', 'blocks.6.attn.q_norm.weight', 'blocks.6.attn.k_norm.weight', 'blocks.6.ls1.gamma', 'blocks.6.norm2.weight', 'blocks.6.mlp.fc1.weight', 'blocks.6.mlp.fc1.bias', 'blocks.6.mlp.fc2.weight', 'blocks.6.mlp.fc2.bias', 'blocks.6.ls2.gamma', 'blocks.7.norm1.weight', 'blocks.7.attn.qkv.weight', 'blocks.7.attn.proj.weight', 'blocks.7.attn.proj.bias', 'blocks.7.attn.q_norm.weight', 'blocks.7.attn.k_norm.weight', 'blocks.7.ls1.gamma', 'blocks.7.norm2.weight', 'blocks.7.mlp.fc1.weight', 'blocks.7.mlp.fc1.bias', 'blocks.7.mlp.fc2.weight', 'blocks.7.mlp.fc2.bias', 'blocks.7.ls2.gamma', 'blocks.8.norm1.weight', 'blocks.8.attn.qkv.weight', 'blocks.8.attn.proj.weight', 'blocks.8.attn.proj.bias', 'blocks.8.attn.q_norm.weight', 'blocks.8.attn.k_norm.weight', 'blocks.8.ls1.gamma', 'blocks.8.norm2.weight', 'blocks.8.mlp.fc1.weight', 'blocks.8.mlp.fc1.bias', 'blocks.8.mlp.fc2.weight', 'blocks.8.mlp.fc2.bias', 'blocks.8.ls2.gamma', 'blocks.9.norm1.weight', 'blocks.9.attn.qkv.weight', 'blocks.9.attn.proj.weight', 'blocks.9.attn.proj.bias', 'blocks.9.attn.q_norm.weight', 'blocks.9.attn.k_norm.weight', 'blocks.9.ls1.gamma', 'blocks.9.norm2.weight', 'blocks.9.mlp.fc1.weight', 'blocks.9.mlp.fc1.bias', 'blocks.9.mlp.fc2.weight', 'blocks.9.mlp.fc2.bias', 'blocks.9.ls2.gamma', 'blocks.10.norm1.weight', 'blocks.10.attn.qkv.weight', 'blocks.10.attn.proj.weight', 'blocks.10.attn.proj.bias', 'blocks.10.attn.q_norm.weight', 'blocks.10.attn.k_norm.weight', 'blocks.10.ls1.gamma', 'blocks.10.norm2.weight', 'blocks.10.mlp.fc1.weight', 'blocks.10.mlp.fc1.bias', 'blocks.10.mlp.fc2.weight', 'blocks.10.mlp.fc2.bias', 'blocks.10.ls2.gamma', 'blocks.11.norm1.weight', 'blocks.11.attn.qkv.weight', 'blocks.11.attn.proj.weight', 'blocks.11.attn.proj.bias', 'blocks.11.attn.q_norm.weight', 'blocks.11.attn.k_norm.weight', 'blocks.11.ls1.gamma', 'blocks.11.norm2.weight', 'blocks.11.mlp.fc1.weight', 'blocks.11.mlp.fc1.bias', 'blocks.11.mlp.fc2.weight', 'blocks.11.mlp.fc2.bias', 'blocks.11.ls2.gamma', 'blocks.12.norm1.weight', 'blocks.12.attn.qkv.weight', 'blocks.12.attn.proj.weight', 'blocks.12.attn.proj.bias', 'blocks.12.attn.q_norm.weight', 'blocks.12.attn.k_norm.weight', 'blocks.12.ls1.gamma', 'blocks.12.norm2.weight', 'blocks.12.mlp.fc1.weight', 'blocks.12.mlp.fc1.bias', 'blocks.12.mlp.fc2.weight', 'blocks.12.mlp.fc2.bias', 'blocks.12.ls2.gamma', 'blocks.13.norm1.weight', 'blocks.13.attn.qkv.weight', 'blocks.13.attn.proj.weight', 'blocks.13.attn.proj.bias', 'blocks.13.attn.q_norm.weight', 'blocks.13.attn.k_norm.weight', 'blocks.13.ls1.gamma', 'blocks.13.norm2.weight', 'blocks.13.mlp.fc1.weight', 'blocks.13.mlp.fc1.bias', 'blocks.13.mlp.fc2.weight', 'blocks.13.mlp.fc2.bias', 'blocks.13.ls2.gamma', 'blocks.14.norm1.weight', 'blocks.14.attn.qkv.weight', 'blocks.14.attn.proj.weight', 'blocks.14.attn.proj.bias', 'blocks.14.attn.q_norm.weight', 'blocks.14.attn.k_norm.weight', 'blocks.14.ls1.gamma', 'blocks.14.norm2.weight', 'blocks.14.mlp.fc1.weight', 'blocks.14.mlp.fc1.bias', 'blocks.14.mlp.fc2.weight', 'blocks.14.mlp.fc2.bias', 'blocks.14.ls2.gamma', 'blocks.15.norm1.weight', 'blocks.15.attn.qkv.weight', 'blocks.15.attn.proj.weight', 'blocks.15.attn.proj.bias', 'blocks.15.attn.q_norm.weight', 'blocks.15.attn.k_norm.weight', 'blocks.15.ls1.gamma', 'blocks.15.norm2.weight', 'blocks.15.mlp.fc1.weight', 'blocks.15.mlp.fc1.bias', 'blocks.15.mlp.fc2.weight', 'blocks.15.mlp.fc2.bias', 'blocks.15.ls2.gamma', 'blocks.16.norm1.weight', 'blocks.16.attn.qkv.weight', 'blocks.16.attn.proj.weight', 'blocks.16.attn.proj.bias', 'blocks.16.attn.q_norm.weight', 'blocks.16.attn.k_norm.weight', 'blocks.16.ls1.gamma', 'blocks.16.norm2.weight', 'blocks.16.mlp.fc1.weight', 'blocks.16.mlp.fc1.bias', 'blocks.16.mlp.fc2.weight', 'blocks.16.mlp.fc2.bias', 'blocks.16.ls2.gamma', 'blocks.17.norm1.weight', 'blocks.17.attn.qkv.weight', 'blocks.17.attn.proj.weight', 'blocks.17.attn.proj.bias', 'blocks.17.attn.q_norm.weight', 'blocks.17.attn.k_norm.weight', 'blocks.17.ls1.gamma', 'blocks.17.norm2.weight', 'blocks.17.mlp.fc1.weight', 'blocks.17.mlp.fc1.bias', 'blocks.17.mlp.fc2.weight', 'blocks.17.mlp.fc2.bias', 'blocks.17.ls2.gamma', 'blocks.18.norm1.weight', 'blocks.18.attn.qkv.weight', 'blocks.18.attn.proj.weight', 'blocks.18.attn.proj.bias', 'blocks.18.attn.q_norm.weight', 'blocks.18.attn.k_norm.weight', 'blocks.18.ls1.gamma', 'blocks.18.norm2.weight', 'blocks.18.mlp.fc1.weight', 'blocks.18.mlp.fc1.bias', 'blocks.18.mlp.fc2.weight', 'blocks.18.mlp.fc2.bias', 'blocks.18.ls2.gamma', 'blocks.19.norm1.weight', 'blocks.19.attn.qkv.weight', 'blocks.19.attn.proj.weight', 'blocks.19.attn.proj.bias', 'blocks.19.attn.q_norm.weight', 'blocks.19.attn.k_norm.weight', 'blocks.19.ls1.gamma', 'blocks.19.norm2.weight', 'blocks.19.mlp.fc1.weight', 'blocks.19.mlp.fc1.bias', 'blocks.19.mlp.fc2.weight', 'blocks.19.mlp.fc2.bias', 'blocks.19.ls2.gamma', 'blocks.20.norm1.weight', 'blocks.20.attn.qkv.weight', 'blocks.20.attn.proj.weight', 'blocks.20.attn.proj.bias', 'blocks.20.attn.q_norm.weight', 'blocks.20.attn.k_norm.weight', 'blocks.20.ls1.gamma', 'blocks.20.norm2.weight', 'blocks.20.mlp.fc1.weight', 'blocks.20.mlp.fc1.bias', 'blocks.20.mlp.fc2.weight', 'blocks.20.mlp.fc2.bias', 'blocks.20.ls2.gamma', 'blocks.21.norm1.weight', 'blocks.21.attn.qkv.weight', 'blocks.21.attn.proj.weight', 'blocks.21.attn.proj.bias', 'blocks.21.attn.q_norm.weight', 'blocks.21.attn.k_norm.weight', 'blocks.21.ls1.gamma', 'blocks.21.norm2.weight', 'blocks.21.mlp.fc1.weight', 'blocks.21.mlp.fc1.bias', 'blocks.21.mlp.fc2.weight', 'blocks.21.mlp.fc2.bias', 'blocks.21.ls2.gamma', 'blocks.22.norm1.weight', 'blocks.22.attn.qkv.weight', 'blocks.22.attn.proj.weight', 'blocks.22.attn.proj.bias', 'blocks.22.attn.q_norm.weight', 'blocks.22.attn.k_norm.weight', 'blocks.22.ls1.gamma', 'blocks.22.norm2.weight', 'blocks.22.mlp.fc1.weight', 'blocks.22.mlp.fc1.bias', 'blocks.22.mlp.fc2.weight', 'blocks.22.mlp.fc2.bias', 'blocks.22.ls2.gamma', 'blocks.23.norm1.weight', 'blocks.23.attn.qkv.weight', 'blocks.23.attn.proj.weight', 'blocks.23.attn.proj.bias', 'blocks.23.attn.q_norm.weight', 'blocks.23.attn.k_norm.weight', 'blocks.23.ls1.gamma', 'blocks.23.norm2.weight', 'blocks.23.mlp.fc1.weight', 'blocks.23.mlp.fc1.bias', 'blocks.23.mlp.fc2.weight', 'blocks.23.mlp.fc2.bias', 'blocks.23.ls2.gamma', 'blocks.24.norm1.weight', 'blocks.24.attn.qkv.weight', 'blocks.24.attn.proj.weight', 'blocks.24.attn.proj.bias', 'blocks.24.attn.q_norm.weight', 'blocks.24.attn.k_norm.weight', 'blocks.24.ls1.gamma', 'blocks.24.norm2.weight', 'blocks.24.mlp.fc1.weight', 'blocks.24.mlp.fc1.bias', 'blocks.24.mlp.fc2.weight', 'blocks.24.mlp.fc2.bias', 'blocks.24.ls2.gamma', 'blocks.25.norm1.weight', 'blocks.25.attn.qkv.weight', 'blocks.25.attn.proj.weight', 'blocks.25.attn.proj.bias', 'blocks.25.attn.q_norm.weight', 'blocks.25.attn.k_norm.weight', 'blocks.25.ls1.gamma', 'blocks.25.norm2.weight', 'blocks.25.mlp.fc1.weight', 'blocks.25.mlp.fc1.bias', 'blocks.25.mlp.fc2.weight', 'blocks.25.mlp.fc2.bias', 'blocks.25.ls2.gamma', 'blocks.26.norm1.weight', 'blocks.26.attn.qkv.weight', 'blocks.26.attn.proj.weight', 'blocks.26.attn.proj.bias', 'blocks.26.attn.q_norm.weight', 'blocks.26.attn.k_norm.weight', 'blocks.26.ls1.gamma', 'blocks.26.norm2.weight', 'blocks.26.mlp.fc1.weight', 'blocks.26.mlp.fc1.bias', 'blocks.26.mlp.fc2.weight', 'blocks.26.mlp.fc2.bias', 'blocks.26.ls2.gamma', 'blocks.27.norm1.weight', 'blocks.27.attn.qkv.weight', 'blocks.27.attn.proj.weight', 'blocks.27.attn.proj.bias', 'blocks.27.attn.q_norm.weight', 'blocks.27.attn.k_norm.weight', 'blocks.27.ls1.gamma', 'blocks.27.norm2.weight', 'blocks.27.mlp.fc1.weight', 'blocks.27.mlp.fc1.bias', 'blocks.27.mlp.fc2.weight', 'blocks.27.mlp.fc2.bias', 'blocks.27.ls2.gamma', 'blocks.28.norm1.weight', 'blocks.28.attn.qkv.weight', 'blocks.28.attn.proj.weight', 'blocks.28.attn.proj.bias', 'blocks.28.attn.q_norm.weight', 'blocks.28.attn.k_norm.weight', 'blocks.28.ls1.gamma', 'blocks.28.norm2.weight', 'blocks.28.mlp.fc1.weight', 'blocks.28.mlp.fc1.bias', 'blocks.28.mlp.fc2.weight', 'blocks.28.mlp.fc2.bias', 'blocks.28.ls2.gamma', 'blocks.29.norm1.weight', 'blocks.29.attn.qkv.weight', 'blocks.29.attn.proj.weight', 'blocks.29.attn.proj.bias', 'blocks.29.attn.q_norm.weight', 'blocks.29.attn.k_norm.weight', 'blocks.29.ls1.gamma', 'blocks.29.norm2.weight', 'blocks.29.mlp.fc1.weight', 'blocks.29.mlp.fc1.bias', 'blocks.29.mlp.fc2.weight', 'blocks.29.mlp.fc2.bias', 'blocks.29.ls2.gamma', 'blocks.30.norm1.weight', 'blocks.30.attn.qkv.weight', 'blocks.30.attn.proj.weight', 'blocks.30.attn.proj.bias', 'blocks.30.attn.q_norm.weight', 'blocks.30.attn.k_norm.weight', 'blocks.30.ls1.gamma', 'blocks.30.norm2.weight', 'blocks.30.mlp.fc1.weight', 'blocks.30.mlp.fc1.bias', 'blocks.30.mlp.fc2.weight', 'blocks.30.mlp.fc2.bias', 'blocks.30.ls2.gamma', 'blocks.31.norm1.weight', 'blocks.31.attn.qkv.weight', 'blocks.31.attn.proj.weight', 'blocks.31.attn.proj.bias', 'blocks.31.attn.q_norm.weight', 'blocks.31.attn.k_norm.weight', 'blocks.31.ls1.gamma', 'blocks.31.norm2.weight', 'blocks.31.mlp.fc1.weight', 'blocks.31.mlp.fc1.bias', 'blocks.31.mlp.fc2.weight', 'blocks.31.mlp.fc2.bias', 'blocks.31.ls2.gamma', 'blocks.32.norm1.weight', 'blocks.32.attn.qkv.weight', 'blocks.32.attn.proj.weight', 'blocks.32.attn.proj.bias', 'blocks.32.attn.q_norm.weight', 'blocks.32.attn.k_norm.weight', 'blocks.32.ls1.gamma', 'blocks.32.norm2.weight', 'blocks.32.mlp.fc1.weight', 'blocks.32.mlp.fc1.bias', 'blocks.32.mlp.fc2.weight', 'blocks.32.mlp.fc2.bias', 'blocks.32.ls2.gamma', 'blocks.33.norm1.weight', 'blocks.33.attn.qkv.weight', 'blocks.33.attn.proj.weight', 'blocks.33.attn.proj.bias', 'blocks.33.attn.q_norm.weight', 'blocks.33.attn.k_norm.weight', 'blocks.33.ls1.gamma', 'blocks.33.norm2.weight', 'blocks.33.mlp.fc1.weight', 'blocks.33.mlp.fc1.bias', 'blocks.33.mlp.fc2.weight', 'blocks.33.mlp.fc2.bias', 'blocks.33.ls2.gamma', 'blocks.34.norm1.weight', 'blocks.34.attn.qkv.weight', 'blocks.34.attn.proj.weight', 'blocks.34.attn.proj.bias', 'blocks.34.attn.q_norm.weight', 'blocks.34.attn.k_norm.weight', 'blocks.34.ls1.gamma', 'blocks.34.norm2.weight', 'blocks.34.mlp.fc1.weight', 'blocks.34.mlp.fc1.bias', 'blocks.34.mlp.fc2.weight', 'blocks.34.mlp.fc2.bias', 'blocks.34.ls2.gamma', 'blocks.35.norm1.weight', 'blocks.35.attn.qkv.weight', 'blocks.35.attn.proj.weight', 'blocks.35.attn.proj.bias', 'blocks.35.attn.q_norm.weight', 'blocks.35.attn.k_norm.weight', 'blocks.35.ls1.gamma', 'blocks.35.norm2.weight', 'blocks.35.mlp.fc1.weight', 'blocks.35.mlp.fc1.bias', 'blocks.35.mlp.fc2.weight', 'blocks.35.mlp.fc2.bias', 'blocks.35.ls2.gamma', 'blocks.36.norm1.weight', 'blocks.36.attn.qkv.weight', 'blocks.36.attn.proj.weight', 'blocks.36.attn.proj.bias', 'blocks.36.attn.q_norm.weight', 'blocks.36.attn.k_norm.weight', 'blocks.36.ls1.gamma', 'blocks.36.norm2.weight', 'blocks.36.mlp.fc1.weight', 'blocks.36.mlp.fc1.bias', 'blocks.36.mlp.fc2.weight', 'blocks.36.mlp.fc2.bias', 'blocks.36.ls2.gamma', 'blocks.37.norm1.weight', 'blocks.37.attn.qkv.weight', 'blocks.37.attn.proj.weight', 'blocks.37.attn.proj.bias', 'blocks.37.attn.q_norm.weight', 'blocks.37.attn.k_norm.weight', 'blocks.37.ls1.gamma', 'blocks.37.norm2.weight', 'blocks.37.mlp.fc1.weight', 'blocks.37.mlp.fc1.bias', 'blocks.37.mlp.fc2.weight', 'blocks.37.mlp.fc2.bias', 'blocks.37.ls2.gamma', 'blocks.38.norm1.weight', 'blocks.38.attn.qkv.weight', 'blocks.38.attn.proj.weight', 'blocks.38.attn.proj.bias', 'blocks.38.attn.q_norm.weight', 'blocks.38.attn.k_norm.weight', 'blocks.38.ls1.gamma', 'blocks.38.norm2.weight', 'blocks.38.mlp.fc1.weight', 'blocks.38.mlp.fc1.bias', 'blocks.38.mlp.fc2.weight', 'blocks.38.mlp.fc2.bias', 'blocks.38.ls2.gamma', 'blocks.39.norm1.weight', 'blocks.39.attn.qkv.weight', 'blocks.39.attn.proj.weight', 'blocks.39.attn.proj.bias', 'blocks.39.attn.q_norm.weight', 'blocks.39.attn.k_norm.weight', 'blocks.39.ls1.gamma', 'blocks.39.norm2.weight', 'blocks.39.mlp.fc1.weight', 'blocks.39.mlp.fc1.bias', 'blocks.39.mlp.fc2.weight', 'blocks.39.mlp.fc2.bias', 'blocks.39.ls2.gamma', 'clip_projector.norm1_q.weight', 'clip_projector.norm1_q.bias', 'clip_projector.norm1_k.weight', 'clip_projector.norm1_k.bias', 'clip_projector.norm1_v.weight', 'clip_projector.norm1_v.bias', 'clip_projector.cross_attn.q_bias', 'clip_projector.cross_attn.k_bias', 'clip_projector.cross_attn.v_bias', 'clip_projector.cross_attn.q.weight', 'clip_projector.cross_attn.k.weight', 'clip_projector.cross_attn.v.weight', 'clip_projector.cross_attn.proj.weight', 'clip_projector.cross_attn.proj.bias', 'clip_decoder.0.head.weight', 'clip_decoder.0.head.bias', 'clip_decoder.0.norm.weight', 'clip_decoder.0.norm.bias', 'clip_decoder.1.head.weight', 'clip_decoder.1.head.bias', 'clip_decoder.1.norm.weight', 'clip_decoder.1.norm.bias', 'clip_decoder.2.head.weight', 'clip_decoder.2.head.bias', 'clip_decoder.2.norm.weight', 'clip_decoder.2.norm.bias', 'clip_decoder.3.head.weight', 'clip_decoder.3.head.bias', 'clip_decoder.3.norm.weight', 'clip_decoder.3.norm.bias', 'clip_decoder.4.head.weight', 'clip_decoder.4.head.bias', 'clip_decoder.4.norm.weight', 'clip_decoder.4.norm.bias', 'clip_decoder.5.head.weight', 'clip_decoder.5.head.bias', 'clip_decoder.5.norm.weight', 'clip_decoder.5.norm.bias', 'final_clip_decoder.head.weight', 'final_clip_decoder.head.bias', 'final_clip_decoder.norm.weight', 'final_clip_decoder.norm.bias'], unexpected_keys=['module'])
2026-02-20T11:07:40 | INFO | models.internvideo2_stage2_motion : Build text_encoder bert_large
2026-02-20T11:08:01 | INFO | models.backbones.bert.xbert : build bert with cross_module: ca
2026-02-20T11:08:03 | INFO | models.internvideo2_stage2_motion : Build motion_encoder (BodyTokenize H2VQ)
2026-02-20T11:08:03 | INFO | models.backbones.motion.motion_encoder : Loading H2VQ checkpoint from /home/narus/2026/EgoHand/InternVideo/InternVideo2/multi_modality/../../../BodyTokenize/ckpt_vq/ckpt_best.pt
