2026-02-20T12:04:53 | INFO | vindlu : Logging to: /large/naru/EgoHand/InternVideo/InternVideo2/multi_modality/scripts/pretraining/stage2/1B_motion/outputs/stage2_motion_20260220_120305/train.log
2026-02-20T12:04:53 | INFO | utils.config_utils : config: {
  available_corpus: {
      cc3m: {
          anno_path: your_path
          data_root: 
          media_type: image }
      cc12m: {
          anno_path: your_path
          data_root: 
          media_type: image }
      sbu: {
          anno_path: your_path
          data_root: 
          media_type: image }
      vg: {
          anno_path: your_path
          data_root: 
          media_type: image
          jump_filter: True }
      coco: {
          anno_path: your_path
          data_root: 
          media_type: image
          jump_filter: True }
      laion_2b: {
          anno_path: your_path
          data_root: 
          media_type: image
          jump_filter: True }
      laion_coco: {
          anno_path: your_path
          data_root: 
          media_type: image
          jump_filter: True }
      laion_pop: {
          anno_path: your_path
          data_root: 
          media_type: image
          jump_filter: True }
      webvid_fuse_10m: {
          anno_path: your_path
          data_root: 
          media_type: video
          jump_filter: True }
      internvid_v1: {
          anno_path: your_path
          data_root: 
          media_type: video
          jump_filter: True }
      internvid_v2_avs_private: {
          anno_path: your_path
          data_root: 
          media_type: audio_video
          read_clip_from_video: False
          read_audio_from_video: True
          zero_audio_padding_for_video: True
          caption_augmentation: {
              caption_sample_type: avs_all }
          jump_filter: True }
      webvid: {
          anno_path: your_path
          data_root: 
          media_type: video }
      webvid_10m: {
          anno_path: your_path
          data_root: 
          media_type: video }
      wavcaps_400k: {
          anno_path: your_path
          data_root: 
          media_type: audio }
      cc3m_debug: {
          anno_path: your_path
          data_root: 
          media_type: image }
      webvid_debug: {
          anno_path: your_path
          data_root: 
          media_type: video }
      pretrain_example_data_1B: [{'anno_path': 'your_path', 'data_root': '', 'media_type': 'image'}, {'anno_path': 'your_path', 'data_root': '', 'media_type': 'video'}]
      pretrain_example_data_6B: [{'anno_path': 'your_path', 'data_root': '', 'media_type': 'image'}, {'anno_path': 'your_path', 'data_root': '', 'media_type': 'video'}, {'anno_path': 'your_path', 'data_root': '', 'media_type': 'audio_video', 'read_clip_from_video': False, 'read_audio_from_video': True, 'zero_audio_padding_for_video': True, 'caption_augmentation': {'caption_sample_type': 'avs_all'}, 'jump_filter': True}]
      data_25m: [{'anno_path': 'your_path', 'data_root': '', 'media_type': 'video'}, {'anno_path': 'your_path', 'data_root': '', 'media_type': 'image'}, {'anno_path': 'your_path', 'data_root': '', 'media_type': 'image', 'jump_filter': True}, {'anno_path': 'your_path', 'data_root': '', 'media_type': 'image', 'jump_filter': True}, {'anno_path': 'your_path', 'data_root': '', 'media_type': 'image'}, {'anno_path': 'your_path', 'data_root': '', 'media_type': 'image'}]
      debug: [{'anno_path': 'your_path', 'data_root': '', 'media_type': 'image'}, {'anno_path': 'your_path', 'data_root': '', 'media_type': 'video'}]
      msrvtt_1k_test: {
          anno_path: your_path
          data_root: 
          media_type: video }
      didemo_ret_test: {
          anno_path: your_path
          data_root: 
          media_type: video
          is_paragraph_retrieval: True
          trimmed30: True
          max_txt_l: 64 }
      anet_ret_val: {
          anno_path: your_path
          data_root: 
          media_type: video
          is_paragraph_retrieval: True
          max_txt_l: 150 }
      lsmdc_ret_test_1000: {
          anno_path: your_path
          data_root: 
          media_type: video }
      vatex_ch_ret_val: {
          anno_path: your_path
          data_root: 
          media_type: video }
      vatex_en_ret_val: {
          anno_path: your_path
          data_root: 
          media_type: video }
      k400_act_val: {
          anno_path: your_path
          data_root: 
          is_act_rec: True }
      k600_act_val: {
          anno_path: your_path
          data_root: 
          media_type: video
          is_act_rec: True }
      k700_act_val: {
          anno_path: your_path
          data_root: 
          media_type: video
          is_act_rec: True }
      mit_act_val: {
          anno_path: your_path
          data_root: 
          media_type: video
          is_act_rec: True }
      ucf101_act_val: {
          anno_path: your_path
          data_root: 
          media_type: video
          is_act_rec: True }
      hmdb51_act_val: {
          anno_path: your_path
          data_root: 
          media_type: video
          is_act_rec: True }
      ssv2_mc_val: {
          anno_path: your_path
          data_root: 
          media_type: video }
      charades_mc_test: {
          anno_path: your_path
          data_root: 
          media_type: video }
      anet_ret_train: {
          anno_path: your_path
          data_root: 
          media_type: video
          is_paragraph_retrieval: True
          max_txt_l: 150 }
      didemo_ret_train: {
          anno_path: your_path
          data_root: 
          media_type: video
          is_paragraph_retrieval: True
          trimmed30: True
          max_txt_l: 64 }
      didemo_ret_val: {
          anno_path: your_path
          data_root: 
          media_type: video
          is_paragraph_retrieval: True
          trimmed30: True
          max_txt_l: 64 }
      lsmdc_ret_train: {
          anno_path: your_path
          data_root: 
          media_type: video
          max_txt_l: 96 }
      lsmdc_ret_val: {
          anno_path: your_path
          data_root: 
          media_type: video
          max_txt_l: 96 }
      msrvtt_ret_train9k: {
          anno_path: your_path
          data_root: 
          media_type: video }
      msrvtt_ret_test1k: {
          anno_path: your_path
          data_root: 
          media_type: video }
      msvd_ret_train: {
          anno_path: your_path
          data_root: 
          media_type: video
          max_txt_l: 64
          has_multi_txt_gt: True }
      msvd_ret_val: {
          anno_path: your_path
          data_root: 
          media_type: video
          max_txt_l: 64 }
      msvd_ret_test: {
          anno_path: your_path
          data_root: 
          media_type: video
          max_txt_l: 64 }
      vatex_en_ret_train: {
          anno_path: your_path
          data_root: 
          media_type: video
          has_multi_txt_gt: True }
      audiocaps_ret_train: {
          anno_path: your_path
          data_root: 
          media_type: audio }
      audiocaps_ret_test: {
          anno_path: your_path
          data_root: 
          media_type: audio }
      clothov1_ret_train: {
          anno_path: your_path
          data_root: 
          media_type: audio }
      clothov1_ret_test: {
          anno_path: your_path
          data_root: 
          media_type: audio }
      clothov2_ret_train: {
          anno_path: your_path
          data_root: 
          media_type: audio }
      clothov2_ret_test: {
          anno_path: your_path
          data_root: 
          media_type: audio }
      video_motion_train: {
          anno_path: /large/naru/EgoHand/InternVideo/InternVideo2/multi_modality/scripts/pretraining/stage2/1B_motion/annotation_atomic_train.json
          data_root: /large/naru/EgoHand/data/train/takes_clipped/egoexo
          motion_data_root: /large/naru/EgoHand/data/train/takes_clipped/egoexo
          media_type: video_motion
          normalize_motion: False }
      video_motion_val: {
          anno_path: /large/naru/EgoHand/InternVideo/InternVideo2/multi_modality/scripts/pretraining/stage2/1B_motion/annotation_atomic_val.json
          data_root: /large/naru/EgoHand/data/val/takes_clipped/egoexo
          motion_data_root: /large/naru/EgoHand/data/val/takes_clipped/egoexo
          media_type: video_motion
          normalize_motion: False } }
  VisionEncoders: {

  TextEncoders: {
      bert: {
          name: bert_base
          pretrained: bert-base-uncased
          config: configs/config_bert.json
          d_model: 768
          fusion_layer: 9 }
      bert_large: {
          name: bert_large
          pretrained: bert-large-uncased
          config: configs/config_bert_large.json
          d_model: 1024
          fusion_layer: 19 }
      med_bert: {
          name: med_bert_base
          pretrained: bert-base-uncased
          config: configs/med_config.json
          d_model: 768 }
      med_bert_large: {
          name: med_bert_large
          pretrained: bert-base-uncased
          config: configs/med_large_config.json
          d_model: 768 } }
  train_file: [{'anno_path': '/large/naru/EgoHand/InternVideo/InternVideo2/multi_modality/scripts/pretraining/stage2/1B_motion/annotation_atomic_train.json', 'data_root': '/large/naru/EgoHand/data/train/takes_clipped/egoexo', 'motion_data_root': '/large/naru/EgoHand/data/train/takes_clipped/egoexo', 'media_type': 'video_motion', 'normalize_motion': False}]
  test_file: {
      video_motion_val: {
          anno_path: /large/naru/EgoHand/InternVideo/InternVideo2/multi_modality/scripts/pretraining/stage2/1B_motion/annotation_atomic_val.json
          data_root: /large/naru/EgoHand/data/val/takes_clipped/egoexo
          motion_data_root: /large/naru/EgoHand/data/val/takes_clipped/egoexo
          media_type: video_motion
          normalize_motion: False } }
  test_types: ['video_motion_val']
  num_workers: 0
  best_key: ['msrvtt_1k_test_match', 't2v_r1']
  num_frames: 4
  num_frames_test: 4
  batch_size: 2
  batch_size_test: 2
  max_txt_l: 32
  motion_T: 21
  inputs: {
      image_res: 224
      video_input: {
          num_frames: 4
          sample_type: rand
          num_frames_test: 4
          sample_type_test: middle
          random_aug: False }
      max_txt_l: {
          image: 32
          video: 32
          video_motion: 32 }
      batch_size: {
          image: 2
          video: 2
          video_motion: 2 }
      batch_size_test: {
          image: 2
          video: 2
          video_motion: 2 }
      motion_T: 21 }
  text_enc: bert_large
  model: {
      model_cls: InternVideo2_Stage2_Motion
      vision_encoder: {
          name: pretrain_internvideo2_1b_patch14_224
          img_size: 224
          num_frames: 4
          tubelet_size: 1
          patch_size: 14
          d_model: 1408
          clip_embed_dim: 768
          clip_teacher_embed_dim: 3200
          clip_teacher_final_dim: 768
          clip_norm_type: l2
          clip_return_layer: 6
          clip_student_return_interval: 1
          pretrained: /large/naru/EgoHand/InternVideo/InternVideo2/multi_modality/scripts/pretraining/stage1/1B_ft_k710_f8.pth
          use_checkpoint: True
          checkpoint_num: 40
          use_flash_attn: True
          use_fused_rmsnorm: True
          use_fused_mlp: True
          clip_teacher: None
          clip_input_resolution: 224
          clip_teacher_return_interval: 1
          video_mask_type: random
          video_mask_ratio: 0.8
          image_mask_type: random
          image_mask_ratio: 0.5
          sep_image_video_pos_embed: True
          keep_temporal: False
          only_mask: True }
      text_encoder: {
          name: bert_large
          pretrained: bert-large-uncased
          config: configs/config_bert_large.json
          d_model: 1024
          fusion_layer: 19 }
      motion_encoder: {
          d_model: 768
          ckpt_path: /large/naru/EgoHand/InternVideo/InternVideo2/multi_modality/../../../BodyTokenize/ckpt_vq/ckpt_best.pt
          vqvae_config: /large/naru/EgoHand/BodyTokenize/ckpt_vq/config.yaml
          freeze: True }
      multimodal: {
          enable: True }
      contra_dim: 768
      vm_concat_dim: 768
      temp: 0.07
      freeze_motion: True
      find_unused_parameters: True }
  criterion: {
      loss_weight: {
          vtc: 1.0
          vtm: 1.0
          mlm: 1.0
          uta: 0.0
          mtc: 1.0
          mtm: 1.0
          mmlm: 0.0
          vmc: 0.0
          vmtc: 1.0
          vmtm: 1.0
          vmmlm: 1.0 }
      vtm_hard_neg: True
      mlm_masking_prob: 0.5
      distill_final_features: True
      clip_loss_ratio: [1.0, 1.0]
      uta_image_only: False }
  optimizer: {
      opt: adamW
      lr: 5e-05
      opt_betas: [0.9, 0.98]
      weight_decay: 0.05
      max_grad_norm: 3.0
      different_lr: {
          enable: False
          module_names: []
          lr: 0.001 } }
  scheduler: {
      sched: cosine
      epochs: 10
      min_lr_multi: 0.01
      warmup_epochs: 1 }
  evaluate: False
  deep_fusion: False
  evaluation: {
      eval_frame_ensemble: concat
      eval_x_only: False
      k_test: 128
      eval_offload: True }
  use_half_precision: True
  use_bf16: True
  gradient_checkpointing: True
  use_flash_sdp: False
  use_mem_efficient_sdp: False
  compile_model: False
  wandb: {
      enable: True
      entity: narudesuyo-waseda-university
      project: InternVideo2-Stage2-Motion }
  dist_url: env://
  device: cuda
  mode: pt
  output_dir: /large/naru/EgoHand/InternVideo/InternVideo2/multi_modality/scripts/pretraining/stage2/1B_motion/outputs/stage2_motion_20260220_120305
  resume: False
  debug: False
  log_freq: 5
  seed: 42
  save_latest: True
  auto_resume: False
  jump_evaluate: False
  pretrained_path: 
  save_ckpt_iter: None
  delete_ds_optim_states: True
  no_save_params_prefix: ['motion_encoder.encB', 'motion_encoder.encH']
  deepspeed: {
      enable: True
      stage: 1 }
  rank: 0
  world_size: 1
  gpu: 0
  distributed: True
  dist_backend: nccl
  deepspeed_config: /large/naru/EgoHand/InternVideo/InternVideo2/multi_modality/scripts/pretraining/stage2/1B_motion/outputs/stage2_motion_20260220_120305/deepspeed_config.json }
2026-02-20T12:04:53 | INFO | __main__ : Ceph is not working!!!
2026-02-20T12:05:14 | INFO | __main__ : Wandb is working!!!
2026-02-20T12:05:14 | INFO | __main__ : train_file: [{'anno_path': '/large/naru/EgoHand/InternVideo/InternVideo2/multi_modality/scripts/pretraining/stage2/1B_motion/annotation_atomic_train.json', 'data_root': '/large/naru/EgoHand/data/train/takes_clipped/egoexo', 'motion_data_root': '/large/naru/EgoHand/data/train/takes_clipped/egoexo', 'media_type': 'video_motion', 'normalize_motion': False}]
2026-02-20T12:05:14 | INFO | __main__ : Creating dataset for pt use_iter_train=False
2026-02-20T12:05:14 | WARNING | dataset : Make sure that you don't need audio input!!!
2026-02-20T12:05:14 | INFO | dataset : dataset_type: pt_train media_type: video_motion dataset_cls: <class 'dataset.motion_dataset.VidMotionTxtPtTrainDataset'>
2026-02-20T12:05:14 | INFO | dataset : dataset_type=pt_train, train_file={'anno_path': '/large/naru/EgoHand/InternVideo/InternVideo2/multi_modality/scripts/pretraining/stage2/1B_motion/annotation_atomic_train.json', 'data_root': '/large/naru/EgoHand/data/train/takes_clipped/egoexo', 'motion_data_root': '/large/naru/EgoHand/data/train/takes_clipped/egoexo', 'media_type': 'video_motion', 'normalize_motion': False}
2026-02-20T12:05:14 | INFO | dataset : {'ann_file': {'anno_path': '/large/naru/EgoHand/InternVideo/InternVideo2/multi_modality/scripts/pretraining/stage2/1B_motion/annotation_atomic_train.json', 'data_root': '/large/naru/EgoHand/data/train/takes_clipped/egoexo', 'motion_data_root': '/large/naru/EgoHand/data/train/takes_clipped/egoexo', 'media_type': 'video_motion', 'normalize_motion': False}, 'transform': Compose(
    Lambda()
    RandomResizedCrop(size=(224, 224), scale=(0.5, 1.0), ratio=(0.75, 1.3333), interpolation=bicubic), antialias=None)
    RandomHorizontalFlip(p=0.5)
    Lambda()
    Normalize(mean=(0.485, 0.456, 0.406), std=(0.229, 0.224, 0.225))
), 'num_epochs': 10, 'video_reader_type': 'decord', 'sample_type': 'rand', 'num_frames': 4, 'num_tries': 10, 'motion_T': 21}
2026-02-20T12:05:14 | INFO | dataset : train_transform:
2026-02-20T12:05:14 | INFO | dataset : Compose(
    Lambda()
    RandomResizedCrop(size=(224, 224), scale=(0.5, 1.0), ratio=(0.75, 1.3333), interpolation=bicubic), antialias=None)
    RandomHorizontalFlip(p=0.5)
    Lambda()
    Normalize(mean=(0.485, 0.456, 0.406), std=(0.229, 0.224, 0.225))
)
2026-02-20T12:05:14 | INFO | dataset.motion_dataset : ann_file: {'anno_path': '/large/naru/EgoHand/InternVideo/InternVideo2/multi_modality/scripts/pretraining/stage2/1B_motion/annotation_atomic_train.json', 'data_root': '/large/naru/EgoHand/data/train/takes_clipped/egoexo', 'motion_data_root': '/large/naru/EgoHand/data/train/takes_clipped/egoexo', 'media_type': 'video_motion', 'normalize_motion': False}
2026-02-20T12:05:14 | INFO | dataset.motion_dataset : Loading json file /large/naru/EgoHand/InternVideo/InternVideo2/multi_modality/scripts/pretraining/stage2/1B_motion/annotation_atomic_train.json
2026-02-20T12:05:14 | INFO | dataset.motion_dataset : Num samples: 252
2026-02-20T12:05:14 | INFO | dataset.motion_dataset : Num samples too short: 0
2026-02-20T12:05:14 | INFO | dataset.motion_dataset : num_examples: 252
2026-02-20T12:05:14 | INFO | dataset : Use ConcatDataset for video_motion
2026-02-20T12:05:14 | WARNING | dataset : Make sure that you don't need audio input!!!
2026-02-20T12:05:14 | INFO | dataset : dataset_type: ret_eval media_type: video_motion dataset_cls: <class 'dataset.motion_dataset.VidMotionTxtRetEvalDataset'>
2026-02-20T12:05:14 | INFO | dataset : dataset_type=pt_eval, test_file={'anno_path': '/large/naru/EgoHand/InternVideo/InternVideo2/multi_modality/scripts/pretraining/stage2/1B_motion/annotation_atomic_val.json', 'data_root': '/large/naru/EgoHand/data/val/takes_clipped/egoexo', 'motion_data_root': '/large/naru/EgoHand/data/val/takes_clipped/egoexo', 'media_type': 'video_motion', 'normalize_motion': False}
2026-02-20T12:05:14 | INFO | dataset : {'ann_file': {'anno_path': '/large/naru/EgoHand/InternVideo/InternVideo2/multi_modality/scripts/pretraining/stage2/1B_motion/annotation_atomic_val.json', 'data_root': '/large/naru/EgoHand/data/val/takes_clipped/egoexo', 'motion_data_root': '/large/naru/EgoHand/data/val/takes_clipped/egoexo', 'media_type': 'video_motion', 'normalize_motion': False}, 'transform': Compose(
    Resize(size=(224, 224), interpolation=bicubic, max_size=None, antialias=None)
    Lambda()
    Normalize(mean=(0.485, 0.456, 0.406), std=(0.229, 0.224, 0.225))
), 'video_reader_type': 'decord', 'sample_type': 'middle', 'num_frames': 4, 'num_tries': 1}
2026-02-20T12:05:14 | INFO | dataset : test_transform:
2026-02-20T12:05:14 | INFO | dataset : Compose(
    Resize(size=(224, 224), interpolation=bicubic, max_size=None, antialias=None)
    Lambda()
    Normalize(mean=(0.485, 0.456, 0.406), std=(0.229, 0.224, 0.225))
)
2026-02-20T12:05:14 | INFO | __main__ : find_unused_parameters=True
2026-02-20T12:05:14 | INFO | tasks.shared_utils : Creating model
2026-02-20T12:05:14 | INFO | tasks.shared_utils : Using BertTokenizer: bert-large-uncased!
2026-02-20T12:05:14 | WARNING | py.warnings : /large/naru/EgoHand/InternVideo/InternVideo2/multi_modality/utils/distributed.py:24: FutureWarning: `resume_download` is deprecated and will be removed in version 1.0.0. Downloads always resume when possible. If you want to force a new download, use `force_download=True`.
  builtin_warn(*args, **kwargs)

2026-02-20T12:05:14 | WARNING | py.warnings : /large/naru/EgoHand/InternVideo/InternVideo2/multi_modality/utils/distributed.py:24: FutureWarning: `resume_download` is deprecated and will be removed in version 1.0.0. Downloads always resume when possible. If you want to force a new download, use `force_download=True`.
  builtin_warn(*args, **kwargs)

2026-02-20T12:05:14 | INFO | models.internvideo2_stage2_motion : Build vision_encoder: pretrain_internvideo2_1b_patch14_224
2026-02-20T12:05:14 | INFO | models.backbones.internvideo2.internvideo2 : Normalization Type: l2
2026-02-20T12:05:14 | INFO | models.backbones.internvideo2.internvideo2 : Strudent Return Index: [39, 38, 37, 36, 35, 34]
